<?xml version="1.0" encoding="UTF-8"?>
<!-- Generated by org.testng.reporters.JUnitXMLReporter -->
<testsuite ignored="0" hostname="DESKTOP-R3MDHTL" failures="0" tests="1" name="crossbrowser" time="0.091" errors="0" timestamp="2022-08-02T17:15:12 IST">
  <testcase classname="KiteTestClass.kiteTest" name="@BeforeClass launchBrowser" time="0.01">
    <failure type="java.lang.NullPointerException">
      <![CDATA[java.lang.NullPointerException
at kiteBase.Base.openApplication(Base.java:19)
at KiteTestClass.kiteTest.launchBrowser(kiteTest.java:34)
at java.base/java.util.ArrayList.forEach(ArrayList.java:1541)
... Removed 25 stack frames]]>
    </failure>
  </testcase> <!-- @BeforeClass launchBrowser -->
  <testcase classname="KiteTestClass.kiteTest" name="@BeforeMethod LoginToKite" time="-1.659440712828E9">
    <skipped/>
  </testcase> <!-- @BeforeMethod LoginToKite -->
  <testcase classname="KiteTestClass.kiteTest" name="@AfterMethod logoutkite" time="-1.65944071284E9">
    <skipped/>
  </testcase> <!-- @AfterMethod logoutkite -->
  <testcase classname="KiteTestClass.kiteTest" name="@AfterClass closeBrowser" time="-1.659440712842E9">
    <skipped/>
  </testcase> <!-- @AfterClass closeBrowser -->
  <testcase classname="KiteTestClass.kiteTest" name="validateUserID" time="0.0">
    <skipped/>
  </testcase> <!-- validateUserID -->
</testsuite> <!-- crossbrowser -->
