<?xml version="1.0" encoding="UTF-8"?>
<!-- Generated by org.testng.reporters.JUnitXMLReporter -->
<testsuite ignored="5" hostname="DESKTOP-R3MDHTL" failures="3" tests="3" name="Default test(failed)" time="0.117" errors="0" timestamp="2022-07-26T20:33:06 IST">
  <testcase classname="testNGfailed.FailTC" name="a" time="0.019">
    <failure type="java.lang.AssertionError" message="null">
      <![CDATA[java.lang.AssertionError: null
at testNGfailed.FailTC.a(FailTC.java:10)
at java.base/java.util.ArrayList.forEach(ArrayList.java:1541)
... Removed 29 stack frames]]>
    </failure>
  </testcase> <!-- a -->
  <testcase classname="testNGfailed.FailTC" name="d" time="0.003">
    <failure type="java.lang.AssertionError" message="null">
      <![CDATA[java.lang.AssertionError: null
at testNGfailed.FailTC.d(FailTC.java:26)
at java.base/java.util.ArrayList.forEach(ArrayList.java:1541)
... Removed 29 stack frames]]>
    </failure>
  </testcase> <!-- d -->
  <testcase classname="testNGfailed.FailTC" name="f" time="0.001">
    <failure type="java.lang.AssertionError" message="null">
      <![CDATA[java.lang.AssertionError: null
at testNGfailed.FailTC.f(FailTC.java:37)
at java.base/java.util.ArrayList.forEach(ArrayList.java:1541)
... Removed 29 stack frames]]>
    </failure>
  </testcase> <!-- f -->
  <testcase classname="testNGfailed.FailTC" name="g" time="0.0">
    <ignored/>
  </testcase> <!-- g -->
  <testcase classname="testNGfailed.FailTC" name="b" time="0.0">
    <ignored/>
  </testcase> <!-- b -->
  <testcase classname="testNGfailed.FailTC" name="e" time="0.0">
    <ignored/>
  </testcase> <!-- e -->
  <testcase classname="testNGfailed.FailTC" name="h" time="0.0">
    <ignored/>
  </testcase> <!-- h -->
  <testcase classname="testNGfailed.FailTC" name="c" time="0.0">
    <ignored/>
  </testcase> <!-- c -->
</testsuite> <!-- Default test(failed) -->
