<?xml version="1.0" encoding="UTF-8"?>
<testng-results ignored="0" total="1" passed="1" failed="0" skipped="0">
  <reporter-output>
    <line>
      <![CDATA[open kite url ]]>
    </line>
    <line>
      <![CDATA[User id entered]]>
    </line>
    <line>
      <![CDATA[password entered ]]>
    </line>
    <line>
      <![CDATA[pin entered ]]>
    </line>
    <line>
      <![CDATA[all clear clicked on continue button ]]>
    </line>
    <line>
      <![CDATA[validated actual and expected userID test case pass]]>
    </line>
    <line>
      <![CDATA[logout kite successfully]]>
    </line>
    <line>
      <![CDATA[browser closed successfully]]>
    </line>
  </reporter-output>
  <suite started-at="2022-07-30T17:19:57 IST" name="Default suite" finished-at="2022-07-30T17:20:15 IST" duration-ms="18149">
    <groups>
    </groups>
    <test started-at="2022-07-30T17:19:57 IST" name="Default test" finished-at="2022-07-30T17:20:15 IST" duration-ms="18149">
      <class name="testNGkite.kiteTestclassTestNG">
        <test-method is-config="true" signature="launchBrowser()[pri:0, instance:testNGkite.kiteTestclassTestNG@27f981c6]" started-at="2022-07-30T17:19:57 IST" name="launchBrowser" finished-at="2022-07-30T17:20:08 IST" duration-ms="10801" status="PASS">
          <reporter-output>
            <line>
              <![CDATA[open kite url ]]>
            </line>
          </reporter-output>
        </test-method> <!-- launchBrowser -->
        <test-method is-config="true" signature="KiteLogin()[pri:0, instance:testNGkite.kiteTestclassTestNG@27f981c6]" started-at="2022-07-30T17:20:08 IST" name="KiteLogin" finished-at="2022-07-30T17:20:09 IST" duration-ms="853" status="PASS">
          <reporter-output>
            <line>
              <![CDATA[User id entered]]>
            </line>
            <line>
              <![CDATA[password entered ]]>
            </line>
            <line>
              <![CDATA[pin entered ]]>
            </line>
            <line>
              <![CDATA[all clear clicked on continue button ]]>
            </line>
          </reporter-output>
        </test-method> <!-- KiteLogin -->
        <test-method signature="validateUserId()[pri:0, instance:testNGkite.kiteTestclassTestNG@27f981c6]" started-at="2022-07-30T17:20:09 IST" name="validateUserId" finished-at="2022-07-30T17:20:11 IST" duration-ms="2309" status="PASS">
          <reporter-output>
            <line>
              <![CDATA[validated actual and expected userID test case pass]]>
            </line>
          </reporter-output>
        </test-method> <!-- validateUserId -->
        <test-method is-config="true" signature="logoutkite()[pri:0, instance:testNGkite.kiteTestclassTestNG@27f981c6]" started-at="2022-07-30T17:20:11 IST" name="logoutkite" finished-at="2022-07-30T17:20:15 IST" duration-ms="3912" status="PASS">
          <reporter-output>
            <line>
              <![CDATA[logout kite successfully]]>
            </line>
          </reporter-output>
        </test-method> <!-- logoutkite -->
        <test-method is-config="true" signature="closebrowser()[pri:0, instance:testNGkite.kiteTestclassTestNG@27f981c6]" started-at="2022-07-30T17:20:15 IST" name="closebrowser" finished-at="2022-07-30T17:20:15 IST" duration-ms="215" status="PASS">
          <reporter-output>
            <line>
              <![CDATA[browser closed successfully]]>
            </line>
          </reporter-output>
        </test-method> <!-- closebrowser -->
      </class> <!-- testNGkite.kiteTestclassTestNG -->
    </test> <!-- Default test -->
  </suite> <!-- Default suite -->
</testng-results>
